<?xml version="1.0" encoding="UTF-8"?>
<!-- Generated by org.testng.reporters.JUnitReportReporter -->
<testsuite hostname="THILAGAN" failures="0" tests="1" name="Day3.NewTest" time="5.083" errors="0" timestamp="2023-08-10T12:48:56 IST" skipped="0">
  <testcase classname="Day3.NewTest" name="f" time="5.083"/>
</testsuite> <!-- Day3.NewTest -->
